This file contains any messages produced by compilers while
running configure, to aid debugging if configure makes a mistake.

It was created by osra configure 2.1.0, which was
generated by GNU Autoconf 2.69.  Invocation command line was

  $ ./configure 

## --------- ##
## Platform. ##
## --------- ##

hostname = djmini2018.local
uname -m = x86_64
uname -r = 18.7.0
uname -s = Darwin
uname -v = Darwin Kernel Version 18.7.0: Thu Jan 23 06:52:12 PST 2020; root:xnu-4903.278.25~1/RELEASE_X86_64

/usr/bin/uname -p = i386
/bin/uname -X     = unknown

/bin/arch              = unknown
/usr/bin/arch -k       = unknown
/usr/convex/getsysinfo = unknown
/usr/bin/hostinfo      = Mach kernel version:
	 Darwin Kernel Version 18.7.0: Thu Jan 23 06:52:12 PST 2020; root:xnu-4903.278.25~1/RELEASE_X86_64
Kernel configured for up to 6 processors.
6 processors are physically available.
6 processors are logically available.
Processor type: x86_64h (Intel x86-64h Haswell)
Processors active: 0 1 2 3 4 5
Primary memory available: 16.00 gigabytes
Default processor set: 520 tasks, 2569 threads, 6 processors
Load average: 2.19, Mach factor: 3.79
/bin/machine           = unknown
/usr/bin/oslevel       = unknown
/bin/universe          = unknown

PATH: /Volumes/san256/users_for_mac_system_macPro/jeannerat/root_project/build/bin
PATH: /Library/Frameworks/Python.framework/Versions/3.4/bin
PATH: /usr/local/bin
PATH: /usr/bin
PATH: /bin
PATH: /usr/sbin
PATH: /sbin
PATH: /Library/TeX/texbin
PATH: /usr/local/MacGPG2/bin
PATH: /opt/X11/bin
PATH: /Library/Frameworks/Python.framework/Versions/3.4/bin
PATH: /Users/jeannerat/unix/rsync/bin


## ----------- ##
## Core tests. ##
## ----------- ##

configure:2200: checking build system type
configure:2214: result: x86_64-apple-darwin18.7.0
configure:2255: checking for ld
configure:2273: found /usr/bin/ld
configure:2285: result: /usr/bin/ld
configure:2293: checking if ld (/usr/bin/ld) is GNU ld
configure:2365: checking for g++
configure:2381: found /usr/bin/g++
configure:2392: result: g++
configure:2419: checking for C++ compiler version
configure:2428: g++ --version >&5
Apple clang version 11.0.0 (clang-1100.0.33.8)
Target: x86_64-apple-darwin18.7.0
Thread model: posix
InstalledDir: /Applications/Xcode.app/Contents/Developer/Toolchains/XcodeDefault.xctoolchain/usr/bin
Configured with: --prefix=/Applications/Xcode.app/Contents/Developer/usr --with-gxx-include-dir=/Library/Developer/CommandLineTools/SDKs/MacOSX.sdk/usr/include/c++/4.2.1
configure:2439: $? = 0
configure:2428: g++ -v >&5
Configured with: --prefix=/Applications/Xcode.app/Contents/Developer/usr --with-gxx-include-dir=/Library/Developer/CommandLineTools/SDKs/MacOSX.sdk/usr/include/c++/4.2.1
Apple clang version 11.0.0 (clang-1100.0.33.8)
Target: x86_64-apple-darwin18.7.0
Thread model: posix
InstalledDir: /Applications/Xcode.app/Contents/Developer/Toolchains/XcodeDefault.xctoolchain/usr/bin
configure:2439: $? = 0
configure:2428: g++ -V >&5
clang: error: unsupported option '-V -Wno-framework-include-private-from-public'
clang: error: no input files
configure:2439: $? = 1
configure:2428: g++ -qversion >&5
clang: error: unknown argument '-qversion', did you mean '--version'?
clang: error: no input files
configure:2439: $? = 1
configure:2459: checking whether the C++ compiler works
configure:2481: g++   /usr/local/lib/libiconv.a conftest.cpp  >&5
clang: error: no such file or directory: '/usr/local/lib/libiconv.a'
configure:2485: $? = 1
configure:2523: result: no
configure: failed program was:
| /* confdefs.h */
| #define PACKAGE_NAME "osra"
| #define PACKAGE_TARNAME "osra"
| #define PACKAGE_VERSION "2.1.0"
| #define PACKAGE_STRING "osra 2.1.0"
| #define PACKAGE_BUGREPORT ""
| #define PACKAGE_URL ""
| /* end confdefs.h.  */
| 
| int
| main ()
| {
| 
|   ;
|   return 0;
| }
configure:2528: error: in `/Volumes/san256/users_for_mac_system_macPro/jeannerat/mygit/osra/osra-2.1.0-1':
configure:2530: error: C++ compiler cannot create executables
See `config.log' for more details

## ---------------- ##
## Cache variables. ##
## ---------------- ##

ac_cv_build=x86_64-apple-darwin18.7.0
ac_cv_env_CCC_set=
ac_cv_env_CCC_value=
ac_cv_env_CPPFLAGS_set=
ac_cv_env_CPPFLAGS_value=
ac_cv_env_CXXCPP_set=
ac_cv_env_CXXCPP_value=
ac_cv_env_CXXFLAGS_set=
ac_cv_env_CXXFLAGS_value=
ac_cv_env_CXX_set=
ac_cv_env_CXX_value=
ac_cv_env_LDFLAGS_set=set
ac_cv_env_LDFLAGS_value=/usr/local/lib/libiconv.a
ac_cv_env_LIBS_set=
ac_cv_env_LIBS_value=
ac_cv_env_build_alias_set=
ac_cv_env_build_alias_value=
ac_cv_env_host_alias_set=
ac_cv_env_host_alias_value=
ac_cv_env_target_alias_set=
ac_cv_env_target_alias_value=
ac_cv_path_LD=/usr/bin/ld
ac_cv_prog_ac_ct_CXX=g++

## ----------------- ##
## Output variables. ##
## ----------------- ##

AR=''
CPPFLAGS=''
CXX='g++'
CXXCPP=''
CXXFLAGS=''
DEFS=''
ECHO_C='\c'
ECHO_N=''
ECHO_T=''
EGREP=''
EXEEXT=''
GRAPHICS_MAGICK_CONFIG=''
GREP=''
HAVE_CXX11=''
INSTALL_DATA=''
INSTALL_PROGRAM=''
INSTALL_SCRIPT=''
LD='/usr/bin/ld'
LDFLAGS='/usr/local/lib/libiconv.a'
LDSHAREDFLAGS=''
LIBOBJS=''
LIBS=''
LIB_MAJOR_VERSION='2'
LIB_MINOR_VERSION='1'
LIB_PATCH_VERSION=''
LN_S=''
LTLIBOBJS=''
NATURALDOCS=''
OBJEXT=''
OPENMP_CXXFLAGS=''
OSRA_JAVA=''
OSRA_LIB=''
PACKAGE_BUGREPORT=''
PACKAGE_NAME='osra'
PACKAGE_STRING='osra 2.1.0'
PACKAGE_TARNAME='osra'
PACKAGE_URL=''
PACKAGE_VERSION='2.1.0'
PATH_SEPARATOR=':'
RANLIB=''
RM=''
SHAREDEXT=''
SHELL='/bin/sh'
TESSERACT_LIB=''
XSLTPROC=''
ac_ct_CXX='g++'
bindir='${exec_prefix}/bin'
build='x86_64-apple-darwin18.7.0'
build_alias=''
build_cpu='x86_64'
build_os='darwin'
build_vendor='apple'
datadir='${datarootdir}'
datarootdir='${prefix}/share'
docdir='${datarootdir}/doc/${PACKAGE_TARNAME}'
dvidir='${docdir}'
exec_prefix='NONE'
host_alias=''
htmldir='${docdir}'
includedir='${prefix}/include'
infodir='${datarootdir}/info'
libdir='${exec_prefix}/lib'
libexecdir='${exec_prefix}/libexec'
localedir='${datarootdir}/locale'
localstatedir='${prefix}/var'
mandir='${datarootdir}/man'
oldincludedir='/usr/include'
pdfdir='${docdir}'
prefix='NONE'
program_transform_name='s,x,x,'
psdir='${docdir}'
resolved_datadir=''
sbindir='${exec_prefix}/sbin'
sharedstatedir='${prefix}/com'
sysconfdir='${prefix}/etc'
target_alias=''

## ----------- ##
## confdefs.h. ##
## ----------- ##

/* confdefs.h */
#define PACKAGE_NAME "osra"
#define PACKAGE_TARNAME "osra"
#define PACKAGE_VERSION "2.1.0"
#define PACKAGE_STRING "osra 2.1.0"
#define PACKAGE_BUGREPORT ""
#define PACKAGE_URL ""

configure: exit 77
